Listening to port 4567
Connected!!!
UKF: 
NIS(UpdateRadar):8.90838
NIS(UpdateLidar):1.60228
NIS(UpdateRadar):3.60329
NIS(UpdateLidar):1.55926
NIS(UpdateRadar):1.24248
NIS(UpdateLidar):1.24671
NIS(UpdateRadar):3.0449
NIS(UpdateLidar):0.381721
NIS(UpdateRadar):0.0761846
NIS(UpdateLidar):0.381106
NIS(UpdateRadar):3.29465
NIS(UpdateLidar):5.14098
NIS(UpdateRadar):1.80448
NIS(UpdateLidar):0.211728
NIS(UpdateRadar):0.908036
NIS(UpdateLidar):8.66578
NIS(UpdateRadar):1.49125
NIS(UpdateLidar):4.15798
NIS(UpdateRadar):1.61298
NIS(UpdateLidar):2.30928
NIS(UpdateRadar):3.72295
NIS(UpdateLidar):3.07288
NIS(UpdateRadar):0.145408
NIS(UpdateLidar):0.256332
NIS(UpdateRadar):1.74306
NIS(UpdateLidar):1.93857
NIS(UpdateRadar):5.37975
NIS(UpdateLidar):0.600198
NIS(UpdateRadar):2.19923
NIS(UpdateLidar):0.196288
NIS(UpdateRadar):5.94819
NIS(UpdateLidar):0.36995
NIS(UpdateRadar):6.85364
NIS(UpdateLidar):0.677141
NIS(UpdateRadar):3.9364
NIS(UpdateLidar):1.82597
NIS(UpdateRadar):3.56925
NIS(UpdateLidar):1.12025
NIS(UpdateRadar):1.79508
NIS(UpdateLidar):2.37043
NIS(UpdateRadar):3.20439
NIS(UpdateLidar):2.59803
NIS(UpdateRadar):0.604742
NIS(UpdateLidar):0.225235
NIS(UpdateRadar):1.37949
NIS(UpdateLidar):0.539651
NIS(UpdateRadar):0.383369
NIS(UpdateLidar):3.50716
NIS(UpdateRadar):2.27297
NIS(UpdateLidar):2.23093
NIS(UpdateRadar):9.46628
NIS(UpdateLidar):1.27225
NIS(UpdateRadar):0.117971
NIS(UpdateLidar):0.297127
NIS(UpdateRadar):1.50492
NIS(UpdateLidar):2.79802
NIS(UpdateRadar):3.06364
NIS(UpdateLidar):0.420952
NIS(UpdateRadar):2.15647
NIS(UpdateLidar):0.190363
NIS(UpdateRadar):1.37799
NIS(UpdateLidar):0.554495
NIS(UpdateRadar):1.15641
NIS(UpdateLidar):0.189113
NIS(UpdateRadar):0.848767
NIS(UpdateLidar):0.487953
NIS(UpdateRadar):2.28278
NIS(UpdateLidar):0.359241
NIS(UpdateRadar):1.79255
NIS(UpdateLidar):0.116022
NIS(UpdateRadar):2.76086
NIS(UpdateLidar):1.2331
NIS(UpdateRadar):0.471616
NIS(UpdateLidar):1.21022
NIS(UpdateRadar):1.027
NIS(UpdateLidar):0.872148
NIS(UpdateRadar):0.222295
NIS(UpdateLidar):1.44292
NIS(UpdateRadar):0.680569
NIS(UpdateLidar):3.08061
NIS(UpdateRadar):3.70696
NIS(UpdateLidar):2.37449
NIS(UpdateRadar):0.393758
NIS(UpdateLidar):1.22495
NIS(UpdateRadar):2.10426
NIS(UpdateLidar):2.80563
NIS(UpdateRadar):0.400944
NIS(UpdateLidar):3.67341
NIS(UpdateRadar):0.99726
NIS(UpdateLidar):3.66021
NIS(UpdateRadar):1.68178
NIS(UpdateLidar):1.26721
NIS(UpdateRadar):7.78801
NIS(UpdateLidar):0.832402
NIS(UpdateRadar):1.95287
NIS(UpdateLidar):2.01712
NIS(UpdateRadar):4.7895
NIS(UpdateLidar):0.297163
NIS(UpdateRadar):7.84602
NIS(UpdateLidar):5.98844
NIS(UpdateRadar):4.62156
NIS(UpdateLidar):0.621644
NIS(UpdateRadar):2.63504
NIS(UpdateLidar):2.42389
NIS(UpdateRadar):2.16997
NIS(UpdateLidar):0.844223
NIS(UpdateRadar):1.29745
NIS(UpdateLidar):1.511
NIS(UpdateRadar):0.805162
NIS(UpdateLidar):0.432806
NIS(UpdateRadar):1.32471
NIS(UpdateLidar):0.925148
NIS(UpdateRadar):3.29583
NIS(UpdateLidar):2.24514
NIS(UpdateRadar):6.42707
NIS(UpdateLidar):3.01578
NIS(UpdateRadar):1.62376
NIS(UpdateLidar):0.441407
NIS(UpdateRadar):1.93301
NIS(UpdateLidar):0.309605
NIS(UpdateRadar):0.231901
NIS(UpdateLidar):0.640487
NIS(UpdateRadar):5.69329
NIS(UpdateLidar):1.98973
NIS(UpdateRadar):6.27567
NIS(UpdateLidar):3.61666
NIS(UpdateRadar):0.849793
NIS(UpdateLidar):1.00125
NIS(UpdateRadar):3.52988
NIS(UpdateLidar):0.855997
NIS(UpdateRadar):6.17614
NIS(UpdateLidar):0.86839
NIS(UpdateRadar):1.8892
NIS(UpdateLidar):0.119625
NIS(UpdateRadar):3.01203
NIS(UpdateLidar):2.91338
NIS(UpdateRadar):3.24585
NIS(UpdateLidar):0.768861
NIS(UpdateRadar):9.92528
NIS(UpdateLidar):0.72132
NIS(UpdateRadar):3.32016
NIS(UpdateLidar):0.961486
NIS(UpdateRadar):5.26178
NIS(UpdateLidar):1.96818
NIS(UpdateRadar):2.50569
NIS(UpdateLidar):0.552842
NIS(UpdateRadar):1.08636
NIS(UpdateLidar):0.685536
NIS(UpdateRadar):0.0734109
NIS(UpdateLidar):1.34248
NIS(UpdateRadar):1.21057
NIS(UpdateLidar):0.17232
NIS(UpdateRadar):2.44234
NIS(UpdateLidar):2.04142
NIS(UpdateRadar):2.70124
NIS(UpdateLidar):0.230119
NIS(UpdateRadar):0.898167
NIS(UpdateLidar):1.61694
NIS(UpdateRadar):1.01195
NIS(UpdateLidar):0.512182
NIS(UpdateRadar):4.08042
NIS(UpdateLidar):0.155833
NIS(UpdateRadar):5.25506
NIS(UpdateLidar):3.63088
NIS(UpdateRadar):1.24123
NIS(UpdateLidar):1.49719
NIS(UpdateRadar):0.745454
NIS(UpdateLidar):0.548304
NIS(UpdateRadar):1.81197
NIS(UpdateLidar):2.68392
NIS(UpdateRadar):4.73985
NIS(UpdateLidar):2.74252
NIS(UpdateRadar):0.119299
NIS(UpdateLidar):0.0557295
NIS(UpdateRadar):3.2397
NIS(UpdateLidar):1.8251
NIS(UpdateRadar):0.303377
NIS(UpdateLidar):0.0193093
NIS(UpdateRadar):0.607558
NIS(UpdateLidar):0.155923
NIS(UpdateRadar):3.0964
NIS(UpdateLidar):0.12238
NIS(UpdateRadar):1.42333
NIS(UpdateLidar):2.38219
NIS(UpdateRadar):1.74538
NIS(UpdateLidar):2.07439
NIS(UpdateRadar):4.5592
NIS(UpdateLidar):0.248423
NIS(UpdateRadar):1.71802
NIS(UpdateLidar):1.02266
NIS(UpdateRadar):0.974747
NIS(UpdateLidar):0.794708
NIS(UpdateRadar):6.5429
NIS(UpdateLidar):3.65407
NIS(UpdateRadar):3.30005
NIS(UpdateLidar):0.767877
NIS(UpdateRadar):2.32693
NIS(UpdateLidar):6.20581
NIS(UpdateRadar):2.294
NIS(UpdateLidar):0.0135067
NIS(UpdateRadar):2.26514
NIS(UpdateLidar):0.487598
NIS(UpdateRadar):4.30904
NIS(UpdateLidar):2.32874
NIS(UpdateRadar):0.326693
NIS(UpdateLidar):1.10805
NIS(UpdateRadar):2.50069
NIS(UpdateLidar):0.511473
NIS(UpdateRadar):0.915942
NIS(UpdateLidar):1.17534
NIS(UpdateRadar):2.1729
NIS(UpdateLidar):1.31489
NIS(UpdateRadar):2.02846
NIS(UpdateLidar):0.415053
NIS(UpdateRadar):1.29978
NIS(UpdateLidar):3.93051
NIS(UpdateRadar):0.342806
NIS(UpdateLidar):1.70704
NIS(UpdateRadar):1.48262
NIS(UpdateLidar):2.94171
NIS(UpdateRadar):2.93246
NIS(UpdateLidar):0.780937
NIS(UpdateRadar):3.2829
NIS(UpdateLidar):0.389268
NIS(UpdateRadar):2.6157
NIS(UpdateLidar):2.99808
NIS(UpdateRadar):1.49052
NIS(UpdateLidar):0.637366
NIS(UpdateRadar):2.83886
NIS(UpdateLidar):0.444797
NIS(UpdateRadar):1.0151
NIS(UpdateLidar):2.46829
NIS(UpdateRadar):0.796221
NIS(UpdateLidar):0.99581
NIS(UpdateRadar):2.03406
NIS(UpdateLidar):3.86534
NIS(UpdateRadar):2.16473
NIS(UpdateLidar):0.0612388
NIS(UpdateRadar):2.3431
NIS(UpdateLidar):1.18777
NIS(UpdateRadar):5.32293
NIS(UpdateLidar):0.857616
NIS(UpdateRadar):4.11551
NIS(UpdateLidar):0.205136
NIS(UpdateRadar):2.41602
NIS(UpdateLidar):2.16426
NIS(UpdateRadar):2.58283
NIS(UpdateLidar):0.141715
NIS(UpdateRadar):4.50069
NIS(UpdateLidar):2.11745
NIS(UpdateRadar):1.49372
NIS(UpdateLidar):0.533277
NIS(UpdateRadar):0.805201
NIS(UpdateLidar):1.64921
NIS(UpdateRadar):1.46893
NIS(UpdateLidar):1.26461
NIS(UpdateRadar):2.11941
NIS(UpdateLidar):1.26346
NIS(UpdateRadar):3.95084
NIS(UpdateLidar):0.0360021
NIS(UpdateRadar):0.549864
NIS(UpdateLidar):1.32759
NIS(UpdateRadar):0.350732
NIS(UpdateLidar):0.448567
NIS(UpdateRadar):3.54773
NIS(UpdateLidar):1.20975
NIS(UpdateRadar):0.0547287
NIS(UpdateLidar):5.49036
NIS(UpdateRadar):1.16371
NIS(UpdateLidar):3.66038
NIS(UpdateRadar):6.08788
NIS(UpdateLidar):1.57041
NIS(UpdateRadar):5.3088
NIS(UpdateLidar):1.7159
NIS(UpdateRadar):2.09925
NIS(UpdateLidar):1.62882
NIS(UpdateRadar):4.51745
NIS(UpdateLidar):2.31302
NIS(UpdateRadar):3.25312
NIS(UpdateLidar):1.00956
NIS(UpdateRadar):1.83923
NIS(UpdateLidar):0.625204
NIS(UpdateRadar):3.60876
NIS(UpdateLidar):0.251276
NIS(UpdateRadar):0.802884
NIS(UpdateLidar):2.9574
NIS(UpdateRadar):0.245548
NIS(UpdateLidar):1.51121
NIS(UpdateRadar):4.36907
NIS(UpdateLidar):4.3901
NIS(UpdateRadar):0.509248
NIS(UpdateLidar):0.745722
NIS(UpdateRadar):0.439821
NIS(UpdateLidar):1.22051
NIS(UpdateRadar):1.50148
NIS(UpdateLidar):0.167206
NIS(UpdateRadar):2.87448
NIS(UpdateLidar):2.04476
NIS(UpdateRadar):0.336639
NIS(UpdateLidar):0.0444049
NIS(UpdateRadar):4.8323
NIS(UpdateLidar):2.96114
NIS(UpdateRadar):1.42104
NIS(UpdateLidar):1.23741
NIS(UpdateRadar):6.62404
NIS(UpdateLidar):0.665986
NIS(UpdateRadar):0.594782
NIS(UpdateLidar):3.80679
NIS(UpdateRadar):1.39832
NIS(UpdateLidar):3.3466
NIS(UpdateRadar):1.3511
NIS(UpdateLidar):3.56774
NIS(UpdateRadar):1.55173
NIS(UpdateLidar):2.63643
NIS(UpdateRadar):0.611049
NIS(UpdateLidar):0.195621
NIS(UpdateRadar):2.61392
NIS(UpdateLidar):1.34862
NIS(UpdateRadar):1.20803
NIS(UpdateLidar):4.1899
NIS(UpdateRadar):2.47962
NIS(UpdateLidar):1.40223
NIS(UpdateRadar):2.57207
NIS(UpdateLidar):1.92724
NIS(UpdateRadar):2.50924
NIS(UpdateLidar):0.975165
NIS(UpdateRadar):0.508502
NIS(UpdateLidar):1.71764
NIS(UpdateRadar):4.51827
NIS(UpdateLidar):5.2405
NIS(UpdateRadar):1.72739
NIS(UpdateLidar):1.96965
NIS(UpdateRadar):2.0384
NIS(UpdateLidar):0.565767
NIS(UpdateRadar):4.67815
NIS(UpdateLidar):1.55633
NIS(UpdateRadar):8.17945
NIS(UpdateLidar):0.508729
NIS(UpdateRadar):1.66425
NIS(UpdateLidar):0.153566
NIS(UpdateRadar):0.310308
NIS(UpdateLidar):1.99478
NIS(UpdateRadar):1.7258
NIS(UpdateLidar):0.30043
NIS(UpdateRadar):3.77011
NIS(UpdateLidar):3.07202
NIS(UpdateRadar):0.769761
NIS(UpdateLidar):0.58849
NIS(UpdateRadar):4.65999
NIS(UpdateLidar):15.0163
NIS(UpdateRadar):1.58708
NIS(UpdateLidar):1.10533
NIS(UpdateRadar):2.6488
NIS(UpdateLidar):0.963371
NIS(UpdateRadar):2.00305
NIS(UpdateLidar):0.775636
NIS(UpdateRadar):5.44068
NIS(UpdateLidar):0.0447277
NIS(UpdateRadar):2.64507
NIS(UpdateLidar):1.74593
NIS(UpdateRadar):0.673989
NIS(UpdateLidar):5.58231
NIS(UpdateRadar):2.32236
NIS(UpdateLidar):1.78257
NIS(UpdateRadar):2.64693
NIS(UpdateLidar):1.22368
NIS(UpdateRadar):0.721074
NIS(UpdateLidar):2.71179
NIS(UpdateRadar):2.03496
NIS(UpdateLidar):2.67047
NIS(UpdateRadar):3.44312
NIS(UpdateLidar):5.28397
NIS(UpdateRadar):0.324388
NIS(UpdateLidar):3.01201
NIS(UpdateRadar):1.79412
NIS(UpdateLidar):0.339611
NIS(UpdateRadar):0.906877
NIS(UpdateLidar):0.627916
NIS(UpdateRadar):5.45108
NIS(UpdateLidar):0.374029
NIS(UpdateRadar):0.244376
NIS(UpdateLidar):0.740262
NIS(UpdateRadar):11.1091
NIS(UpdateLidar):1.43535
NIS(UpdateRadar):1.83407
NIS(UpdateLidar):3.85077
NIS(UpdateRadar):0.181505
NIS(UpdateLidar):1.40771
NIS(UpdateRadar):2.54969
NIS(UpdateLidar):5.65306
NIS(UpdateRadar):1.47679
NIS(UpdateLidar):0.807298
NIS(UpdateRadar):1.73963
NIS(UpdateLidar):1.40354
NIS(UpdateRadar):1.94975
NIS(UpdateLidar):0.0226585
NIS(UpdateRadar):5.07888
NIS(UpdateLidar):0.84422
NIS(UpdateRadar):2.32521
NIS(UpdateLidar):2.31077
NIS(UpdateRadar):1.94491
NIS(UpdateLidar):0.688452
NIS(UpdateRadar):1.89219
NIS(UpdateLidar):2.28797
NIS(UpdateRadar):5.49036
NIS(UpdateLidar):0.770535
NIS(UpdateRadar):8.53904
NIS(UpdateLidar):0.748425
NIS(UpdateRadar):0.768815
NIS(UpdateLidar):0.636249
NIS(UpdateRadar):0.3403
NIS(UpdateLidar):0.335003
NIS(UpdateRadar):2.93705
NIS(UpdateLidar):1.58683
NIS(UpdateRadar):2.15562
NIS(UpdateLidar):0.315933
NIS(UpdateRadar):1.08783
NIS(UpdateLidar):3.45596
NIS(UpdateRadar):0.517852
NIS(UpdateLidar):2.32707
NIS(UpdateRadar):8.97182
NIS(UpdateLidar):0.378245
NIS(UpdateRadar):2.32541
NIS(UpdateLidar):1.05093
NIS(UpdateRadar):0.79029
NIS(UpdateLidar):1.15291
NIS(UpdateRadar):2.94377
NIS(UpdateLidar):0.0128381
NIS(UpdateRadar):3.99174
NIS(UpdateLidar):0.0383566
NIS(UpdateRadar):1.02849
NIS(UpdateLidar):4.21042
NIS(UpdateRadar):5.72762
NIS(UpdateLidar):0.870619
NIS(UpdateRadar):2.01773
NIS(UpdateLidar):0.379798
NIS(UpdateRadar):1.77526
NIS(UpdateLidar):2.10576
NIS(UpdateRadar):5.75615
NIS(UpdateLidar):0.0498943
NIS(UpdateRadar):1.51143
NIS(UpdateLidar):4.60387
NIS(UpdateRadar):4.70493
NIS(UpdateLidar):2.89328
NIS(UpdateRadar):5.58621
NIS(UpdateLidar):1.3931
NIS(UpdateRadar):0.980803
NIS(UpdateLidar):0.568393
NIS(UpdateRadar):0.352564
NIS(UpdateLidar):0.747537
NIS(UpdateRadar):5.0744
NIS(UpdateLidar):6.21897
NIS(UpdateRadar):1.71004
NIS(UpdateLidar):0.592267
NIS(UpdateRadar):4.68246
NIS(UpdateLidar):2.1215
NIS(UpdateRadar):3.1054
NIS(UpdateLidar):0.198867
NIS(UpdateRadar):0.348533
NIS(UpdateLidar):0.168226
NIS(UpdateRadar):0.0535015
NIS(UpdateLidar):1.17372
NIS(UpdateRadar):0.375748
NIS(UpdateLidar):1.82884
NIS(UpdateRadar):0.233564
NIS(UpdateLidar):1.65944
NIS(UpdateRadar):7.18429
NIS(UpdateLidar):0.345604
NIS(UpdateRadar):6.34679
NIS(UpdateLidar):1.60223
NIS(UpdateRadar):0.653691
NIS(UpdateLidar):8.01024
NIS(UpdateRadar):0.376342
NIS(UpdateLidar):1.09557
NIS(UpdateRadar):0.776897
NIS(UpdateLidar):3.36001
NIS(UpdateRadar):0.990935
NIS(UpdateLidar):2.6473
NIS(UpdateRadar):0.220197
NIS(UpdateLidar):1.75787
NIS(UpdateRadar):2.81649
NIS(UpdateLidar):0.818077
NIS(UpdateRadar):6.37832
NIS(UpdateLidar):2.59857
NIS(UpdateRadar):1.3025
NIS(UpdateLidar):1.01131
NIS(UpdateRadar):6.23663
NIS(UpdateLidar):2.12604
NIS(UpdateRadar):3.83417
NIS(UpdateLidar):0.905468
NIS(UpdateRadar):2.35761
NIS(UpdateLidar):1.18629
NIS(UpdateRadar):6.30483
NIS(UpdateLidar):3.0529
NIS(UpdateRadar):1.58355
NIS(UpdateLidar):7.12832
NIS(UpdateRadar):1.44629
NIS(UpdateLidar):0.640843
